1615634498081:help
1615634513025:add 322344362
1615634518194:322344362
1615635116161:help
1615635136277:login 322344362
1615635715032:help
1615635718653:login 322344362
1615635751490:help
1615635754596:login 123
1615635789328:send -r 123 -m hello
1615635962515:login 1
1615635967585:login 2
1615635996208:send -r 2 -m hello
1615636019824:send -r 1 -m 你好
1615636576652:login 1
1615636581429:login 2
1615636607990:send -r 1 -m hello
1615636633608:send -r 2 -m nihao
1615639245681:login 123 22
1615639265608:login 123 213
1615639379070:login 213 123
1615639470627:login 123 123
1615639881788:login 123123 123
1615640166689:login 123 123
1615640403303:login 12 122
1615640453789:send -r 213 -m hello
1615640679006:help
1615640685926:send -r 123 -m hello
1615640703016:send -r 12 -m 你好
1615685728055:help
1615685731231:login 1
1615685744358:login 1 1
1615685754755:login 2 2
1615685799600:send -r 123 -g -m hello
1615686243397:send -r 123 -g -m hello
1615688313168:help
1615688320687:help
1615688332613:send -r 123 -g -m hello
1615688538825:send -r 123 -g -m hello
1615688659954:send -r 123 -g -m hello你好啊
1615691257131:login abc 123
1615691266534:login qwe 123
1615691314398:send -r abc -m hello
1615691333957:send -r qwe -m hehe
1615691374096:send -r 123 -g -m 群聊消息
1615691648937:GROUP_USERS_KEY
1615691652990:send -r 123 -g -m 群聊消息
1615691691229:ProcessorContext
1615691696186:send -r 123 -g -m 群聊消息
1615697155459:send -r 123 -g -m hahaha
1615697399282:send -r 123 -g -m hello
1615697488303:login 1 213
1615697546953:send -r 123 -g -m hello
1615703868143:login 1 1
1615703880838:help
1615703886205:gls 123
1615703939162:login 1
1615703941941:login 1 1
1615703955261:gls 123
1615707274423:help
1615707283257:login 1 1
1615707407260:help
1615707441554:fls
1615707686230:fadd 2
1615707696179:fls
1615707788595:fadd 3
1615707791065:fls
1615707810439:login 2
1615707813685:login 2 2
1615707837287:send -r 1 -m hello
1615707849356:fls
1615707858371:fadd 1
1615707861160:fls
1615707868260:help
1615708737817:login 1 1
1615708755286:login 2 2
1615708760374:login 3 3
1615708766341:fls
1615708771271:fls
1615708775523:fls
1615708787135:help
1615708796219:gls 123
1615708804303:gpush 1
1615708834051:gpush -g 1
1615708843836:gpush -g 123 -u 1
1615708914032:gpush -g 123 -users 1
1615709009528:login 3 3
1615709016434:login 1 1
1615709022013:loging 2 2
1615709027307:login 2 2
1615709036515:gls 123
1615709044382:gls 123
1615709057508:gpush -g 123 -us 1
1615709198475:gpush -g 123 -us 3
1615709226607:send -r 123 -g -m hello
1615709253853:gpush -g 123 -us 2
1615710781920:help
1615710981421:send -r 1 -m nihao
1615710993312:c
1615710996274:clear
1615711013240:send -r 3 -m hello
1615711027808:send -r 123 -g -m hahaha
1615711042327:help
1615711046565:gls 123
1615711055804:gls 213
1615711058591:gls 23
1615711060598:gls 213
1615711063030:gls 123
1615711065565:help
1615711068538:fls
1615711076423:fls
1615711080553:fls
1615711085860:help
1615711098279:fadd 1
1615711100145:fls
1615776038465:login 2 2
1615776049051:send -r 123 -g -m hhh
